<?xml version="1.0" encoding="UTF-8"?>
<testsuite xmlns:xsi="http://www.w3.org/2001/XMLSchema-instance" xsi:noNamespaceSchemaLocation="https://maven.apache.org/surefire/maven-surefire-plugin/xsd/surefire-test-report.xsd" name="school.sptech.projeto1.heranca.CarrinhoTest" time="0.057" tests="16" errors="6" skipped="0" failures="8">
  <properties>
[...]
</properties>
  <testcase name="dadoUmValorValidoMetodoAdicionarProdutoDeveAdicionarOProdutoNoCarrinho" classname="school.sptech.projeto1.heranca.CarrinhoTest" time="0.019">
    <error type="java.lang.NullPointerException">java.lang.NullPointerException
	at school.sptech.projeto1.heranca.CarrinhoTest.dadoUmValorValidoMetodoAdicionarProdutoDeveAdicionarOProdutoNoCarrinho(CarrinhoTest.java:41)
</error>
  </testcase>
  <testcase name="dadoUmValorInvalidoMetodoAdicionarProdutoNaoDeveAdicionarOProdutoNoCarrinho" classname="school.sptech.projeto1.heranca.CarrinhoTest" time="0.002">
    <error type="java.lang.NullPointerException">java.lang.NullPointerException
	at school.sptech.projeto1.heranca.CarrinhoTest.dadoUmValorInvalidoMetodoAdicionarProdutoNaoDeveAdicionarOProdutoNoCarrinho(CarrinhoTest.java:51)
</error>
  </testcase>
  <testcase name="quandoNomeInvalidoMetodoFindProdutoPeloNomeDeveRetornarNull" classname="school.sptech.projeto1.heranca.CarrinhoTest" time="0.002"/>
  <testcase name="quandoIndiceInvalidoMetodoFindProdutoPeloIndiceDeveRetornarNull" classname="school.sptech.projeto1.heranca.CarrinhoTest" time="0.001"/>
  <testcase name="quandoNomeValidoCaixaBaixaMetodoFindProdutoPeloNomeDeveRetornarOProdutoEncontrado" classname="school.sptech.projeto1.heranca.CarrinhoTest" time="0.002">
    <failure message="expected: &lt;school.sptech.projeto1.heranca.Produto@117e949d&gt; but was: &lt;null&gt;" type="org.opentest4j.AssertionFailedError"><![CDATA[org.opentest4j.AssertionFailedError: expected: <school.sptech.projeto1.heranca.Produto@117e949d> but was: <null>
	at school.sptech.projeto1.heranca.CarrinhoTest.quandoNomeValidoCaixaBaixaMetodoFindProdutoPeloNomeDeveRetornarOProdutoEncontrado(CarrinhoTest.java:114)
]]></failure>
  </testcase>
  <testcase name="aoPassarUmValorValidoMetodoRemoverProdutoDeveRemoverOProdutoDaLista" classname="school.sptech.projeto1.heranca.CarrinhoTest" time="0">
    <error type="java.lang.NullPointerException">java.lang.NullPointerException
	at school.sptech.projeto1.heranca.CarrinhoTest.aoPassarUmValorValidoMetodoRemoverProdutoDeveRemoverOProdutoDaLista(CarrinhoTest.java:60)
</error>
  </testcase>
  <testcase name="aoAdicionarProdutosMetodoParcelarProdutoDeveCalcularOValorDosItensParceladoEmTresVezes" classname="school.sptech.projeto1.heranca.CarrinhoTest" time="0.001">
    <error type="java.lang.NullPointerException">java.lang.NullPointerException
	at school.sptech.projeto1.heranca.CarrinhoTest.aoAdicionarProdutosMetodoParcelarProdutoDeveCalcularOValorDosItensParceladoEmTresVezes(CarrinhoTest.java:83)
</error>
  </testcase>
  <testcase name="quando4ProdutosInternacionaisAdicionadosMetodoCountProdutosInternacionaisDeveRetornar4" classname="school.sptech.projeto1.heranca.CarrinhoTest" time="0.002">
    <failure message="expected: &lt;4&gt; but was: &lt;null&gt;" type="org.opentest4j.AssertionFailedError"><![CDATA[org.opentest4j.AssertionFailedError: expected: <4> but was: <null>
	at school.sptech.projeto1.heranca.CarrinhoTest.quando4ProdutosInternacionaisAdicionadosMetodoCountProdutosInternacionaisDeveRetornar4(CarrinhoTest.java:151)
]]></failure>
  </testcase>
  <testcase name="quandoCategoriaInvalidaMetodoFindProdutoPorCategoriaDeveRetornarUmaListaVazia" classname="school.sptech.projeto1.heranca.CarrinhoTest" time="0.001">
    <error type="java.lang.NullPointerException">java.lang.NullPointerException
	at school.sptech.projeto1.heranca.CarrinhoTest.quandoCategoriaInvalidaMetodoFindProdutoPorCategoriaDeveRetornarUmaListaVazia(CarrinhoTest.java:144)
</error>
  </testcase>
  <testcase name="quandoIndiceValidoMetodoFindProdutoPeloIndiceDeveRetornarOProdutoEncontrado" classname="school.sptech.projeto1.heranca.CarrinhoTest" time="0.002">
    <failure message="expected: &lt;school.sptech.projeto1.heranca.Produto@7a675056&gt; but was: &lt;null&gt;" type="org.opentest4j.AssertionFailedError"><![CDATA[org.opentest4j.AssertionFailedError: expected: <school.sptech.projeto1.heranca.Produto@7a675056> but was: <null>
	at school.sptech.projeto1.heranca.CarrinhoTest.quandoIndiceValidoMetodoFindProdutoPeloIndiceDeveRetornarOProdutoEncontrado(CarrinhoTest.java:91)
]]></failure>
  </testcase>
  <testcase name="getProdutoInternacionalDaListaPeloIndice" classname="school.sptech.projeto1.heranca.CarrinhoTest" time="0.002">
    <failure message="Unexpected null value ==&gt; expected: &lt;school.sptech.projeto1.heranca.ProdutoInternacional&gt; but was: &lt;null&gt;" type="org.opentest4j.AssertionFailedError"><![CDATA[org.opentest4j.AssertionFailedError: Unexpected null value ==> expected: <school.sptech.projeto1.heranca.ProdutoInternacional> but was: <null>
	at school.sptech.projeto1.heranca.CarrinhoTest.getProdutoInternacionalDaListaPeloIndice(CarrinhoTest.java:179)
]]></failure>
  </testcase>
  <testcase name="quandoCategoriaValidaECaixaAltaMetodoFindProdutoPorCategoriaDeveRetornarOsProdutosEncontrados" classname="school.sptech.projeto1.heranca.CarrinhoTest" time="0.002">
    <failure message="expected: &lt;[school.sptech.projeto1.heranca.ProdutoInternacional@683dbc2c, school.sptech.projeto1.heranca.ProdutoInternacional@68267da0]&gt; but was: &lt;null&gt;" type="org.opentest4j.AssertionFailedError"><![CDATA[org.opentest4j.AssertionFailedError: expected: <[school.sptech.projeto1.heranca.ProdutoInternacional@683dbc2c, school.sptech.projeto1.heranca.ProdutoInternacional@68267da0]> but was: <null>
	at school.sptech.projeto1.heranca.CarrinhoTest.quandoCategoriaValidaECaixaAltaMetodoFindProdutoPorCategoriaDeveRetornarOsProdutosEncontrados(CarrinhoTest.java:137)
]]></failure>
  </testcase>
  <testcase name="quandoNomeValidoMetodoFindProdutoPeloNomeDeveRetornarOProdutoEncontrado" classname="school.sptech.projeto1.heranca.CarrinhoTest" time="0.001">
    <failure message="expected: &lt;school.sptech.projeto1.heranca.Produto@6ff29830&gt; but was: &lt;null&gt;" type="org.opentest4j.AssertionFailedError"><![CDATA[org.opentest4j.AssertionFailedError: expected: <school.sptech.projeto1.heranca.Produto@6ff29830> but was: <null>
	at school.sptech.projeto1.heranca.CarrinhoTest.quandoNomeValidoMetodoFindProdutoPeloNomeDeveRetornarOProdutoEncontrado(CarrinhoTest.java:106)
]]></failure>
  </testcase>
  <testcase name="aoAdicionarProdutosMetodoCalcularTotalDeveCalcularOValorDosItensDoCarrinho" classname="school.sptech.projeto1.heranca.CarrinhoTest" time="0.001">
    <error type="java.lang.NullPointerException">java.lang.NullPointerException
	at school.sptech.projeto1.heranca.CarrinhoTest.aoAdicionarProdutosMetodoCalcularTotalDeveCalcularOValorDosItensDoCarrinho(CarrinhoTest.java:72)
</error>
  </testcase>
  <testcase name="quandoCategoriaValidaMetodoFindProdutoPorCategoriaDeveRetornarOsProdutosEncontrados" classname="school.sptech.projeto1.heranca.CarrinhoTest" time="0.001">
    <failure message="expected: &lt;[school.sptech.projeto1.heranca.ProdutoInternacional@6a2b953e, school.sptech.projeto1.heranca.ProdutoInternacional@313b2ea6]&gt; but was: &lt;null&gt;" type="org.opentest4j.AssertionFailedError"><![CDATA[org.opentest4j.AssertionFailedError: expected: <[school.sptech.projeto1.heranca.ProdutoInternacional@6a2b953e, school.sptech.projeto1.heranca.ProdutoInternacional@313b2ea6]> but was: <null>
	at school.sptech.projeto1.heranca.CarrinhoTest.quandoCategoriaValidaMetodoFindProdutoPorCategoriaDeveRetornarOsProdutosEncontrados(CarrinhoTest.java:129)
]]></failure>
  </testcase>
  <testcase name="quandoProdutosInternacionaisNaoAdicionadosMetodoCountProdutosInternacionaisDeveRetornar0" classname="school.sptech.projeto1.heranca.CarrinhoTest" time="0.001">
    <failure message="expected: &lt;0&gt; but was: &lt;null&gt;" type="org.opentest4j.AssertionFailedError"><![CDATA[org.opentest4j.AssertionFailedError: expected: <0> but was: <null>
	at school.sptech.projeto1.heranca.CarrinhoTest.quandoProdutosInternacionaisNaoAdicionadosMetodoCountProdutosInternacionaisDeveRetornar0(CarrinhoTest.java:164)
]]></failure>
  </testcase>
</testsuite>